#
# There is insufficient memory for the Java Runtime Environment to continue.
# Native memory allocation (mmap) failed to map 123731968 bytes. Error detail: G1 virtual space
# Possible reasons:
#   The system is out of physical RAM or swap space
#   This process is running with CompressedOops enabled, and the Java Heap may be blocking the growth of the native heap
# Possible solutions:
#   Reduce memory load on the system
#   Increase physical memory or swap space
#   Check if swap backing store is full
#   Decrease Java heap size (-Xmx/-Xms)
#   Decrease number of Java threads
#   Decrease Java thread stack sizes (-Xss)
#   Set larger code cache with -XX:ReservedCodeCacheSize=
#   JVM is running with Unscaled Compressed Oops mode in which the Java heap is
#     placed in the first 4GB address space. The Java Heap base address is the
#     maximum limit for the native heap growth. Please use -XX:HeapBaseMinAddress
#     to set the Java Heap base and to place the Java Heap above 4GB virtual address.
# This output file may be truncated or incomplete.
#
#  Out of Memory Error (os_windows.cpp:3825), pid=2728, tid=36520
#
# JRE version:  (17.0.11) (build )
# Java VM: OpenJDK 64-Bit Server VM (17.0.11+0--11852314, mixed mode, sharing, tiered, compressed oops, compressed class ptrs, g1 gc, windows-amd64)
# No core dump will be written. Minidumps are not enabled by default on client versions of Windows
#

---------------  S U M M A R Y ------------

Command Line: org.jetbrains.kotlin.cli.jvm.K2JVMCompiler @C:\Users\valen\OneDrive\Documentos\Proyecto MOVIL\Unibox\app\build\20240917_6491245805421855365.compiler.options

Host: AMD Ryzen 5 7535HS with Radeon Graphics        , 12 cores, 7G,  Windows 11 , 64 bit Build 22621 (10.0.22621.3958)
Time: Tue Sep 17 23:56:12 2024 Hora est. Pacífico, Sudamérica elapsed time: 0.057901 seconds (0d 0h 0m 0s)

---------------  T H R E A D  ---------------

Current thread (0x0000025ec521e9b0):  JavaThread "Unknown thread" [_thread_in_vm, id=36520, stack(0x00000099fa200000,0x00000099fa300000)]

Stack: [0x00000099fa200000,0x00000099fa300000]
Native frames: (J=compiled Java code, j=interpreted, Vv=VM code, C=native code)
V  [jvm.dll+0x687bb9]
V  [jvm.dll+0x84142a]
V  [jvm.dll+0x8430ae]
V  [jvm.dll+0x843713]
V  [jvm.dll+0x24a35f]
V  [jvm.dll+0x684989]
V  [jvm.dll+0x67923a]
V  [jvm.dll+0x30af0b]
V  [jvm.dll+0x3123b6]
V  [jvm.dll+0x361dfe]
V  [jvm.dll+0x36202f]
V  [jvm.dll+0x2e0d38]
V  [jvm.dll+0x2e1ca4]
V  [jvm.dll+0x811f21]
V  [jvm.dll+0x36fb68]
V  [jvm.dll+0x7f0896]
V  [jvm.dll+0x3f3d2f]
V  [jvm.dll+0x3f58e1]
C  [jli.dll+0x528f]
C  [ucrtbase.dll+0x29333]
C  [KERNEL32.DLL+0x1257d]
C  [ntdll.dll+0x5af28]


---------------  P R O C E S S  ---------------

Threads class SMR info:
_java_thread_list=0x00007ffcccebefd8, length=0, elements={
}

Java Threads: ( => current thread )

Other Threads:
  0x0000025ec5273850 GCTaskThread "GC Thread#0" [stack: 0x00000099fa300000,0x00000099fa400000] [id=35836]
  0x0000025ec5283220 ConcurrentGCThread "G1 Main Marker" [stack: 0x00000099fa400000,0x00000099fa500000] [id=4864]
  0x0000025ec52853f0 ConcurrentGCThread "G1 Conc#0" [stack: 0x00000099fa500000,0x00000099fa600000] [id=5704]

[error occurred during error reporting (printing all threads), id 0xc0000005, EXCEPTION_ACCESS_VIOLATION (0xc0000005) at pc=0x00007ffccc671907]

VM state: not at safepoint (not fully initialized)

VM Mutex/Monitor currently owned by a thread:  ([mutex/lock_event])
[0x0000025ec521d350] Heap_lock - owner thread: 0x0000025ec521e9b0

Heap address: 0x000000008ac00000, size: 1876 MB, Compressed Oops mode: 32-bit

CDS archive(s) mapped at: [0x0000000000000000-0x0000000000000000-0x0000000000000000), size 0, SharedBaseAddress: 0x0000000800000000, ArchiveRelocationMode: 1.
Narrow klass base: 0x0000000000000000, Narrow klass shift: 0, Narrow klass range: 0x0

GC Precious Log:
<Empty>

Heap:
 garbage-first heap   total 0K, used 0K [0x000000008ac00000, 0x0000000100000000)
  region size 1024K, 0 young (0K), 0 survivors (0K)
 Metaspace       used 0K, committed 0K, reserved 0K
  class space    used 0K, committed 0K, reserved 0K

Heap Regions: E=young(eden), S=young(survivor), O=old, HS=humongous(starts), HC=humongous(continues), CS=collection set, F=free, OA=open archive, CA=closed archive, TAMS=top-at-mark-start (previous, next)

Card table byte_map: [0x0000025ed7ff0000,0x0000025ed83a0000] _byte_map_base: 0x0000025ed7b9a000

Marking Bits (Prev, Next): (CMBitMap*) 0x0000025ec5273e70, (CMBitMap*) 0x0000025ec5273eb0
 Prev Bits: [0x0000025ed8750000, 0x0000025eda4a0000)
 Next Bits: [0x0000025eda4a0000, 0x0000025edc1f0000)

GC Heap History (0 events):
No events

Dll operation events (1 events):
Event: 0.034 Loaded shared library C:\Program Files\Android\Android Studio\jbr\bin\java.dll

Deoptimization events (0 events):
No events

Classes unloaded (0 events):
No events

Classes redefined (0 events):
No events

Internal exceptions (0 events):
No events

VM Operations (0 events):
No events

Events (0 events):
No events


Dynamic libraries:
0x00007ff6917f0000 - 0x00007ff6917fa000 	C:\Program Files\Android\Android Studio\jbr\bin\java.exe
0x00007ffd72610000 - 0x00007ffd72827000 	C:\Windows\SYSTEM32\ntdll.dll
0x00007ffd70ff0000 - 0x00007ffd710b4000 	C:\Windows\System32\KERNEL32.DLL
0x00007ffd6ff90000 - 0x00007ffd7033d000 	C:\Windows\System32\KERNELBASE.dll
0x00007ffd6f9d0000 - 0x00007ffd6fae1000 	C:\Windows\System32\ucrtbase.dll
0x00007ffd48bb0000 - 0x00007ffd48bcb000 	C:\Program Files\Android\Android Studio\jbr\bin\VCRUNTIME140.dll
0x00007ffd599e0000 - 0x00007ffd599f7000 	C:\Program Files\Android\Android Studio\jbr\bin\jli.dll
0x00007ffd70900000 - 0x00007ffd70aae000 	C:\Windows\System32\USER32.dll
0x00007ffd6ff60000 - 0x00007ffd6ff86000 	C:\Windows\System32\win32u.dll
0x00007ffd710c0000 - 0x00007ffd710e9000 	C:\Windows\System32\GDI32.dll
0x00007ffd6fb70000 - 0x00007ffd6fc89000 	C:\Windows\System32\gdi32full.dll
0x00007ffd65900000 - 0x00007ffd65b93000 	C:\Windows\WinSxS\amd64_microsoft.windows.common-controls_6595b64144ccf1df_6.0.22621.3672_none_2713b9d173822955\COMCTL32.dll
0x00007ffd6fc90000 - 0x00007ffd6fd2a000 	C:\Windows\System32\msvcp_win.dll
0x00007ffd72440000 - 0x00007ffd724e7000 	C:\Windows\System32\msvcrt.dll
0x00007ffd70fb0000 - 0x00007ffd70fe1000 	C:\Windows\System32\IMM32.DLL
0x00007ffd49c40000 - 0x00007ffd49c4c000 	C:\Program Files\Android\Android Studio\jbr\bin\vcruntime140_1.dll
0x00007ffd200c0000 - 0x00007ffd2014d000 	C:\Program Files\Android\Android Studio\jbr\bin\msvcp140.dll
0x00007ffccc380000 - 0x00007ffccd003000 	C:\Program Files\Android\Android Studio\jbr\bin\server\jvm.dll
0x00007ffd71c50000 - 0x00007ffd71d02000 	C:\Windows\System32\ADVAPI32.dll
0x00007ffd72200000 - 0x00007ffd722a9000 	C:\Windows\System32\sechost.dll
0x00007ffd6f930000 - 0x00007ffd6f958000 	C:\Windows\System32\bcrypt.dll
0x00007ffd705f0000 - 0x00007ffd70704000 	C:\Windows\System32\RPCRT4.dll
0x00007ffd6e780000 - 0x00007ffd6e7cd000 	C:\Windows\SYSTEM32\POWRPROF.dll
0x00007ffd69160000 - 0x00007ffd69169000 	C:\Windows\SYSTEM32\WSOCK32.dll
0x00007ffd68db0000 - 0x00007ffd68dba000 	C:\Windows\SYSTEM32\VERSION.dll
0x00007ffd69e10000 - 0x00007ffd69e44000 	C:\Windows\SYSTEM32\WINMM.dll
0x00007ffd70810000 - 0x00007ffd70881000 	C:\Windows\System32\WS2_32.dll
0x00007ffd6e760000 - 0x00007ffd6e773000 	C:\Windows\SYSTEM32\UMPDC.dll
0x00007ffd6ea20000 - 0x00007ffd6ea38000 	C:\Windows\SYSTEM32\kernel.appcore.dll
0x00007ffd68e90000 - 0x00007ffd68e9a000 	C:\Program Files\Android\Android Studio\jbr\bin\jimage.dll
0x00007ffd662e0000 - 0x00007ffd66512000 	C:\Windows\SYSTEM32\DBGHELP.DLL
0x00007ffd71e70000 - 0x00007ffd721fd000 	C:\Windows\System32\combase.dll
0x00007ffd724f0000 - 0x00007ffd725c7000 	C:\Windows\System32\OLEAUT32.dll
0x00007ffd65f10000 - 0x00007ffd65f42000 	C:\Windows\SYSTEM32\dbgcore.DLL
0x00007ffd6faf0000 - 0x00007ffd6fb6b000 	C:\Windows\System32\bcryptPrimitives.dll
0x00007ffd5a2c0000 - 0x00007ffd5a2e5000 	C:\Program Files\Android\Android Studio\jbr\bin\java.dll

dbghelp: loaded successfully - version: 4.0.5 - missing functions: none
symbol engine: initialized successfully - sym options: 0x614 - pdb path: .;C:\Program Files\Android\Android Studio\jbr\bin;C:\Windows\SYSTEM32;C:\Windows\WinSxS\amd64_microsoft.windows.common-controls_6595b64144ccf1df_6.0.22621.3672_none_2713b9d173822955;C:\Program Files\Android\Android Studio\jbr\bin\server

VM Arguments:
java_command: org.jetbrains.kotlin.cli.jvm.K2JVMCompiler @C:\Users\valen\OneDrive\Documentos\Proyecto MOVIL\Unibox\app\build\20240917_6491245805421855365.compiler.options
java_class_path (initial): C:\Users\valen\.gradle\caches\modules-2\files-2.1\org.jetbrains.kotlin\kotlin-compiler-embeddable\1.9.0\2c8c3a7402becca891f12739b3e9fd2dc2adbd7a\kotlin-compiler-embeddable-1.9.0.jar;C:\Users\valen\.gradle\caches\modules-2\files-2.1\org.jetbrains.kotlin\kotlin-stdlib\1.9.0\8ee15ef0c67dc83d874f412d84378d7f0eb50b63\kotlin-stdlib-1.9.0.jar;C:\Users\valen\.gradle\caches\modules-2\files-2.1\org.jetbrains.kotlin\kotlin-script-runtime\1.9.0\4b3102cbbb7e1b58d9d1adf89563f00069ffa7d1\kotlin-script-runtime-1.9.0.jar;C:\Users\valen\.gradle\caches\modules-2\files-2.1\org.jetbrains.kotlin\kotlin-reflect\1.6.10\1cbe9c92c12a94eea200d23c2bbaedaf3daf5132\kotlin-reflect-1.6.10.jar;C:\Users\valen\.gradle\caches\modules-2\files-2.1\org.jetbrains.kotlin\kotlin-daemon-embeddable\1.9.0\186543f5e28cf8d9a0290fecc2cf34301c40a65c\kotlin-daemon-embeddable-1.9.0.jar;C:\Users\valen\.gradle\caches\modules-2\files-2.1\org.jetbrains.intellij.deps\trove4j\1.0.20200330\3afb14d5f9ceb459d724e907a21145e8ff394f02\trove4j-1.0.20200330.jar;C:\Users\valen\.gradle\caches\modules-2\files-2.1\org.jetbrains.kotlin\kotlin-stdlib-common\1.9.0\cd65c21cfd1eec4d44ef09f9f52b6d9f8a720636\kotlin-stdlib-common-1.9.0.jar;C:\Users\valen\.gradle\caches\modules-2\files-2.1\org.jetbrains\annotations\13.0\919f0dfe192fb4e063e7dacadee7f8bb9a2672a9\annotations-13.0.jar
Launcher Type: SUN_STANDARD

[Global flags]
     intx CICompilerCount                          = 4                                         {product} {ergonomic}
     uint ConcGCThreads                            = 3                                         {product} {ergonomic}
     uint G1ConcRefinementThreads                  = 10                                        {product} {ergonomic}
   size_t G1HeapRegionSize                         = 1048576                                   {product} {ergonomic}
    uintx GCDrainStackTargetSize                   = 64                                        {product} {ergonomic}
   size_t InitialHeapSize                          = 123731968                                 {product} {ergonomic}
   size_t MarkStackSize                            = 4194304                                   {product} {ergonomic}
   size_t MaxHeapSize                              = 1967128576                                {product} {ergonomic}
   size_t MinHeapDeltaBytes                        = 1048576                                   {product} {ergonomic}
   size_t MinHeapSize                              = 8388608                                   {product} {ergonomic}
    uintx NonNMethodCodeHeapSize                   = 5839372                                {pd product} {ergonomic}
    uintx NonProfiledCodeHeapSize                  = 122909434                              {pd product} {ergonomic}
    uintx ProfiledCodeHeapSize                     = 122909434                              {pd product} {ergonomic}
    uintx ReservedCodeCacheSize                    = 251658240                              {pd product} {ergonomic}
     bool SegmentedCodeCache                       = true                                      {product} {ergonomic}
   size_t SoftMaxHeapSize                          = 1967128576                             {manageable} {ergonomic}
     bool UseCompressedClassPointers               = true                           {product lp64_product} {ergonomic}
     bool UseCompressedOops                        = true                           {product lp64_product} {ergonomic}
     bool UseG1GC                                  = true                                      {product} {ergonomic}
     bool UseLargePagesIndividualAllocation        = false                                  {pd product} {ergonomic}

Logging:
Log output configuration:
 #0: stdout all=warning uptime,level,tags
 #1: stderr all=off uptime,level,tags

Environment Variables:
JAVA_HOME=C:\Program Files\RedHat\java-21-openjdk-21.0.4.0.7-1\
PATH=C:\Windows\system32;C:\Windows;C:\Windows\System32\Wbem;C:\Windows\System32\WindowsPowerShell\v1.0\;C:\Windows\System32\OpenSSH\;C:\Program Files (x86)\NVIDIA Corporation\PhysX\Common;C:\Program Files\NVIDIA Corporation\NVIDIA NvDLISR;C:\Program Files\dotnet\;C:\Program Files\RedHat\java-21-openjdk-21.0.4.0.7-1\bin;C:\Program Files\Git\cmd;C:\Program Files\nodejs\;C:\Users\valen\AppData\Local\Microsoft\WindowsApps;C:\Users\valen\AppData\Local\Programs\Microsoft VS Code\bin;C:\Users\valen\AppData\Local\GitHubDesktop\bin;C:\Users\valen\AppData\Roaming\npm
USERNAME=valen
OS=Windows_NT
PROCESSOR_IDENTIFIER=AMD64 Family 25 Model 68 Stepping 1, AuthenticAMD
TMP=C:\Users\valen\AppData\Local\Temp
TEMP=C:\Users\valen\AppData\Local\Temp



Periodic native trim disabled

JNI global refs:
JNI global refs: 0, weak refs: 0

JNI global refs memory usage: 0, weak refs: 0

Process memory usage:
Resident Set Size: 11648K (0% of 7678756K total physical memory with 4664K free physical memory)

OOME stack traces (most recent first):
Classloader memory used:


---------------  S Y S T E M  ---------------

OS:
 Windows 11 , 64 bit Build 22621 (10.0.22621.3958)
OS uptime: 4 days 14:11 hours
Hyper-V role detected

CPU: total 12 (initial active 12) (12 cores per cpu, 2 threads per core) family 25 model 68 stepping 1 microcode 0x0, cx8, cmov, fxsr, ht, mmx, 3dnowpref, sse, sse2, sse3, ssse3, sse4a, sse4.1, sse4.2, popcnt, lzcnt, tsc, tscinvbit, avx, avx2, aes, erms, clmul, bmi1, bmi2, adx, sha, fma, vzeroupper, clflush, clflushopt, hv
Processor Information for all 12 processors :
  Max Mhz: 3301, Current Mhz: 3301, Mhz Limit: 3301

Memory: 4k page, system-wide physical 7498M (4M free)
TotalPageFile size 30026M (AvailPageFile size 6M)
current process WorkingSet (physical memory assigned to process): 11M, peak: 11M
current process commit charge ("private bytes"): 64M, peak: 182M

vm_info: OpenJDK 64-Bit Server VM (17.0.11+0--11852314) for windows-amd64 JRE (17.0.11+0--11852314), built on May 16 2024 21:29:20 by "androidbuild" with MS VC++ 16.10 / 16.11 (VS2019)

END.
